<?xml version="1.0" encoding="UTF-8"?>
<!-- Generated by org.testng.reporters.JUnitReportReporter -->
<testsuite skipped="0" hostname="DESKTOP-K8I0AB7" name="olympicmedals.OlympicsMedals2016" tests="5" failures="0" timestamp="03 Jul 2018 17:56:40 GMT" time="10.754" errors="0">
  <testcase name="test_Case_1" time="0.522" classname="olympicmedals.OlympicsMedals2016"/>
  <testcase name="test_Case_2" time="7.017" classname="olympicmedals.OlympicsMedals2016"/>
  <testcase name="test_case_3" time="1.138" classname="olympicmedals.OlympicsMedals2016"/>
  <testcase name="test_case_4" time="1.025" classname="olympicmedals.OlympicsMedals2016"/>
  <testcase name="test_case_5" time="1.052" classname="olympicmedals.OlympicsMedals2016"/>
</testsuite> <!-- olympicmedals.OlympicsMedals2016 -->
